# JRE version: Java(TM) SE Runtime Environment (8.0_20-b26) (build 1.8.0_20-b26)
# Java VM: Java HotSpot(TM) 64-Bit Server VM (25.20-b23 mixed mode windows-amd64 compressed oops)
Heap:
 PSYoungGen      total 230912K, used 28017K [0x00000000eab00000, 0x00000000ffe00000, 0x0000000100000000)
  eden space 116736K, 24% used [0x00000000eab00000,0x00000000ec65c598,0x00000000f1d00000)
  from space 114176K, 0% used [0x00000000f8e80000,0x00000000f8e80000,0x00000000ffe00000)
  to   space 115200K, 0% used [0x00000000f1d00000,0x00000000f1d00000,0x00000000f8d80000)
 ParOldGen       total 484864K, used 329318K [0x00000000c0000000, 0x00000000dd980000, 0x00000000eab00000)
  object space 484864K, 67% used [0x00000000c0000000,0x00000000d4199ba8,0x00000000dd980000)
 Metaspace       used 6167K, capacity 7216K, committed 7296K, reserved 1056768K
  class space    used 576K, capacity 616K, committed 640K, reserved 1048576K
GC Heap History (10 events):
Event: 10.612 GC heap before
{Heap before GC invocations=25 (full 4):
 PSYoungGen      total 234496K, used 181363K [0x00000000eab00000, 0x0000000100000000, 0x0000000100000000)
  eden space 124928K, 100% used [0x00000000eab00000,0x00000000f2500000,0x00000000f2500000)
  from space 109568K, 51% used [0x00000000f8c80000,0x00000000fc39cf10,0x00000000ff780000)
  to   space 105984K, 0% used [0x00000000f2500000,0x00000000f2500000,0x00000000f8c80000)
 ParOldGen       total 333312K, used 202905K [0x00000000c0000000, 0x00000000d4580000, 0x00000000eab00000)
  object space 333312K, 60% used [0x00000000c0000000,0x00000000cc6265e0,0x00000000d4580000)
 Metaspace       used 6076K, capacity 7152K, committed 7296K, reserved 1056768K
  class space    used 571K, capacity 616K, committed 640K, reserved 1048576K
Event: 10.641 GC heap after
Heap after GC invocations=25 (full 4):
 PSYoungGen      total 230912K, used 75777K [0x00000000eab00000, 0x0000000100000000, 0x0000000100000000)
  eden space 124928K, 0% used [0x00000000eab00000,0x00000000eab00000,0x00000000f2500000)
  from space 105984K, 71% used [0x00000000f2500000,0x00000000f6f00448,0x00000000f8c80000)
  to   space 110080K, 0% used [0x00000000f9480000,0x00000000f9480000,0x0000000100000000)
 ParOldGen       total 333312K, used 202905K [0x00000000c0000000, 0x00000000d4580000, 0x00000000eab00000)
  object space 333312K, 60% used [0x00000000c0000000,0x00000000cc6265e0,0x00000000d4580000)
 Metaspace       used 6076K, capacity 7152K, committed 7296K, reserved 1056768K
  class space    used 571K, capacity 616K, committed 640K, reserved 1048576K
}
Event: 10.826 GC heap before
{Heap before GC invocations=26 (full 4):
 PSYoungGen      total 230912K, used 200705K [0x00000000eab00000, 0x0000000100000000, 0x0000000100000000)
  eden space 124928K, 100% used [0x00000000eab00000,0x00000000f2500000,0x00000000f2500000)
  from space 105984K, 71% used [0x00000000f2500000,0x00000000f6f00448,0x00000000f8c80000)
  to   space 110080K, 0% used [0x00000000f9480000,0x00000000f9480000,0x0000000100000000)
 ParOldGen       total 333312K, used 202905K [0x00000000c0000000, 0x00000000d4580000, 0x00000000eab00000)
  object space 333312K, 60% used [0x00000000c0000000,0x00000000cc6265e0,0x00000000d4580000)
 Metaspace       used 6079K, capacity 7152K, committed 7296K, reserved 1056768K
  class space    used 572K, capacity 616K, committed 640K, reserved 1048576K
Event: 10.862 GC heap after
Heap after GC invocations=26 (full 4):
 PSYoungGen      total 226816K, used 95176K [0x00000000eab00000, 0x0000000100000000, 0x0000000100000000)
  eden space 116736K, 0% used [0x00000000eab00000,0x00000000eab00000,0x00000000f1d00000)
  from space 110080K, 86% used [0x00000000f9480000,0x00000000ff172158,0x0000000100000000)
  to   space 116224K, 0% used [0x00000000f1d00000,0x00000000f1d00000,0x00000000f8e80000)
 ParOldGen       total 333312K, used 202905K [0x00000000c0000000, 0x00000000d4580000, 0x00000000eab00000)
  object space 333312K, 60% used [0x00000000c0000000,0x00000000cc6265e0,0x00000000d4580000)
 Metaspace       used 6079K, capacity 7152K, committed 7296K, reserved 1056768K
  class space    used 572K, capacity 616K, committed 640K, reserved 1048576K
}
Event: 11.055 GC heap before
{Heap before GC invocations=27 (full 4):
 PSYoungGen      total 226816K, used 211912K [0x00000000eab00000, 0x0000000100000000, 0x0000000100000000)
  eden space 116736K, 100% used [0x00000000eab00000,0x00000000f1d00000,0x00000000f1d00000)
  from space 110080K, 86% used [0x00000000f9480000,0x00000000ff172158,0x0000000100000000)
  to   space 116224K, 0% used [0x00000000f1d00000,0x00000000f1d00000,0x00000000f8e80000)
 ParOldGen       total 333312K, used 202905K [0x00000000c0000000, 0x00000000d4580000, 0x00000000eab00000)
  object space 333312K, 60% used [0x00000000c0000000,0x00000000cc6265e0,0x00000000d4580000)
 Metaspace       used 6083K, capacity 7152K, committed 7296K, reserved 1056768K
  class space    used 572K, capacity 616K, committed 640K, reserved 1048576K
Event: 11.102 GC heap after
Heap after GC invocations=27 (full 4):
 PSYoungGen      total 232960K, used 75720K [0x00000000eab00000, 0x0000000100000000, 0x0000000100000000)
  eden space 116736K, 0% used [0x00000000eab00000,0x00000000eab00000,0x00000000f1d00000)
  from space 116224K, 65% used [0x00000000f1d00000,0x00000000f66f22c0,0x00000000f8e80000)
  to   space 116224K, 0% used [0x00000000f8e80000,0x00000000f8e80000,0x0000000100000000)
 ParOldGen       total 333312K, used 239736K [0x00000000c0000000, 0x00000000d4580000, 0x00000000eab00000)
  object space 333312K, 71% used [0x00000000c0000000,0x00000000cea1e228,0x00000000d4580000)
 Metaspace       used 6083K, capacity 7152K, committed 7296K, reserved 1056768K
  class space    used 572K, capacity 616K, committed 640K, reserved 1048576K
}
Event: 11.275 GC heap before
{Heap before GC invocations=28 (full 4):
 PSYoungGen      total 232960K, used 192456K [0x00000000eab00000, 0x0000000100000000, 0x0000000100000000)
  eden space 116736K, 100% used [0x00000000eab00000,0x00000000f1d00000,0x00000000f1d00000)
  from space 116224K, 65% used [0x00000000f1d00000,0x00000000f66f22c0,0x00000000f8e80000)
  to   space 116224K, 0% used [0x00000000f8e80000,0x00000000f8e80000,0x0000000100000000)
 ParOldGen       total 333312K, used 239736K [0x00000000c0000000, 0x00000000d4580000, 0x00000000eab00000)
  object space 333312K, 71% used [0x00000000c0000000,0x00000000cea1e228,0x00000000d4580000)
 Metaspace       used 6100K, capacity 7216K, committed 7296K, reserved 1056768K
  class space    used 572K, capacity 616K, committed 640K, reserved 1048576K
Event: 11.321 GC heap after
Heap after GC invocations=28 (full 4):
 PSYoungGen      total 230912K, used 54177K [0x00000000eab00000, 0x00000000ffe00000, 0x0000000100000000)
  eden space 116736K, 0% used [0x00000000eab00000,0x00000000eab00000,0x00000000f1d00000)
  from space 114176K, 47% used [0x00000000f8e80000,0x00000000fc3687c0,0x00000000ffe00000)
  to   space 115200K, 0% used [0x00000000f1d00000,0x00000000f1d00000,0x00000000f8d80000)
 ParOldGen       total 333312K, used 278292K [0x00000000c0000000, 0x00000000d4580000, 0x00000000eab00000)
  object space 333312K, 83% used [0x00000000c0000000,0x00000000d0fc5028,0x00000000d4580000)
 Metaspace       used 6100K, capacity 7216K, committed 7296K, reserved 1056768K
  class space    used 572K, capacity 616K, committed 640K, reserved 1048576K
}
Event: 11.321 GC heap before
{Heap before GC invocations=29 (full 5):
 PSYoungGen      total 230912K, used 54177K [0x00000000eab00000, 0x00000000ffe00000, 0x0000000100000000)
  eden space 116736K, 0% used [0x00000000eab00000,0x00000000eab00000,0x00000000f1d00000)
  from space 114176K, 47% used [0x00000000f8e80000,0x00000000fc3687c0,0x00000000ffe00000)
  to   space 115200K, 0% used [0x00000000f1d00000,0x00000000f1d00000,0x00000000f8d80000)
 ParOldGen       total 333312K, used 278292K [0x00000000c0000000, 0x00000000d4580000, 0x00000000eab00000)
  object space 333312K, 83% used [0x00000000c0000000,0x00000000d0fc5028,0x00000000d4580000)
 Metaspace       used 6100K, capacity 7216K, committed 7296K, reserved 1056768K
  class space    used 572K, capacity 616K, committed 640K, reserved 1048576K
Event: 12.605 GC heap after
Heap after GC invocations=29 (full 5):
 PSYoungGen      total 230912K, used 0K [0x00000000eab00000, 0x00000000ffe00000, 0x0000000100000000)
  eden space 116736K, 0% used [0x00000000eab00000,0x00000000eab00000,0x00000000f1d00000)
  from space 114176K, 0% used [0x00000000f8e80000,0x00000000f8e80000,0x00000000ffe00000)
  to   space 115200K, 0% used [0x00000000f1d00000,0x00000000f1d00000,0x00000000f8d80000)
 ParOldGen       total 484864K, used 329318K [0x00000000c0000000, 0x00000000dd980000, 0x00000000eab00000)
  object space 484864K, 67% used [0x00000000c0000000,0x00000000d4199ba8,0x00000000dd980000)
 Metaspace       used 6100K, capacity 7216K, committed 7296K, reserved 1056768K
  class space    used 572K, capacity 616K, committed 640K, reserved 1048576K
}

